#
# A fatal error has been detected by the Java Runtime Environment:
#
#  EXCEPTION_ACCESS_VIOLATION (0xc0000005) at pc=0x00007ffd5a4afa22, pid=14808, tid=3416
#
# JRE version: OpenJDK Runtime Environment Temurin-21.0.9+10 (21.0.9+10) (build 21.0.9+10-LTS)
# Java VM: OpenJDK 64-Bit Server VM Temurin-21.0.9+10 (21.0.9+10-LTS, mixed mode, sharing, tiered, compressed oops, compressed class ptrs, parallel gc, windows-amd64)
# Problematic frame:
# V  [jvm.dll+0x33fa22]
#
# No core dump will be written. Minidumps are not enabled by default on client versions of Windows
#
# If you would like to submit a bug report, please visit:
#   https://github.com/adoptium/adoptium-support/issues
#

---------------  S U M M A R Y ------------

Command Line: --add-modules=ALL-SYSTEM --add-opens=java.base/java.util=ALL-UNNAMED --add-opens=java.base/java.lang=ALL-UNNAMED --add-opens=java.base/sun.nio.fs=ALL-UNNAMED -Declipse.application=org.eclipse.jdt.ls.core.id1 -Dosgi.bundles.defaultStartLevel=4 -Declipse.product=org.eclipse.jdt.ls.core.product -Djava.import.generatesMetadataFilesAtProjectRoot=false -DDetectVMInstallationsJob.disabled=true -Dfile.encoding=utf8 -XX:+UseParallelGC -XX:GCTimeRatio=4 -XX:AdaptiveSizePolicyWeight=90 -Dsun.zip.disableMemoryMapping=true -Xmx2G -Xms100m -Xlog:disable -javaagent:c:\Users\Lei\.vscode\extensions\redhat.java-1.50.0-win32-x64\lombok\lombok-1.18.39-4050.jar -XX:+HeapDumpOnOutOfMemoryError -XX:HeapDumpPath=c:\Users\Lei\AppData\Roaming\Code\User\workspaceStorage\8b8c9ad179e04ac681094d678316f26d\redhat.java -Daether.dependencyCollector.impl=bf c:\Users\Lei\.vscode\extensions\redhat.java-1.50.0-win32-x64\server\plugins\org.eclipse.equinox.launcher_1.7.100.v20251111-0406.jar -configuration c:\Users\Lei\AppData\Roaming\Code\User\globalStorage\redhat.java\1.50.0\config_win -data c:\Users\Lei\AppData\Roaming\Code\User\workspaceStorage\8b8c9ad179e04ac681094d678316f26d\redhat.java\jdt_ws --pipe=\\.\pipe\lsp-d947e79cdd3eea7a571a0fea1d2ac9f0-sock

Host: Intel(R) Core(TM) i5-9600KF CPU @ 3.70GHz, 6 cores, 31G,  Windows 10 , 64 bit Build 19041 (10.0.19041.5915)
Time: Mon Dec  8 20:53:23 2025 elapsed time: 10.700385 seconds (0d 0h 0m 10s)

---------------  T H R E A D  ---------------

Current thread (0x00000214942511b0):  WorkerThread "GC Thread#3"    [id=3416, stack(0x000000b12a400000,0x000000b12a500000) (1024K)]

Stack: [0x000000b12a400000,0x000000b12a500000],  sp=0x000000b12a4ffa50,  free space=1022k
Native frames: (J=compiled Java code, j=interpreted, Vv=VM code, C=native code)
V  [jvm.dll+0x33fa22]
V  [jvm.dll+0x717238]
V  [jvm.dll+0x71770f]
V  [jvm.dll+0x8e2bd1]
V  [jvm.dll+0x85e9ad]
V  [jvm.dll+0x6d565d]
C  [ucrtbase.dll+0x21bb2]
C  [KERNEL32.DLL+0x17374]
C  [ntdll.dll+0x4cc91]


siginfo: EXCEPTION_ACCESS_VIOLATION (0xc0000005), reading address 0x0000000000000100


Registers:
RAX=0x0000000000000000, RBX=0x0000000000000003, RCX=0x0000000000000000, RDX=0x0000000000000000
RSP=0x000000b12a4ffa50, RBP=0x0000000000000005, RSI=0x000002143471a6f0, RDI=0x00000214367df5e0
R8 =0x0000000000000002, R9 =0x000000000000002e, R10=0x0000000000000018, R11=0x0000000000000010
R12=0x000000000000000c, R13=0x0000000000000028, R14=0x000000000000000a, R15=0x000000b12a4ffaf0
RIP=0x00007ffd5a4afa22, EFLAGS=0x0000000000010206

XMM[0]=0x0000000000000000 0x0000000000000000
XMM[1]=0x0000000000000000 0x0000000000000000
XMM[2]=0x0000000000000000 0x0000000000000000
XMM[3]=0x0000000000000000 0x0000000000000000
XMM[4]=0x0000000000000000 0x0000000000000000
XMM[5]=0x0000000000000000 0x0000000000000000
XMM[6]=0x0000000000000000 0x0000000000000000
XMM[7]=0x0000000000000000 0x0000000000000000
XMM[8]=0x0000000000000000 0x0000000000000000
XMM[9]=0x0000000000000000 0x0000000000000000
XMM[10]=0x0000000000000000 0x0000000000000000
XMM[11]=0x0000000000000000 0x0000000000000000
XMM[12]=0x0000000000000000 0x0000000000000000
XMM[13]=0x0000000000000000 0x0000000000000000
XMM[14]=0x0000000000000000 0x0000000000000000
XMM[15]=0x0000000000000000 0x0000000000000000
  MXCSR=0x00001fa0


Register to memory mapping:

RAX=0x0 is null
RBX=0x0000000000000003 is an unknown value
RCX=0x0 is null
RDX=0x0 is null
RSP=0x000000b12a4ffa50 points into unknown readable memory: 0x00000214367df580 | 80 f5 7d 36 14 02 00 00
RBP=0x0000000000000005 is an unknown value
RSI=0x000002143471a6f0 points into unknown readable memory: 0x00007ffd5aba2068 | 68 20 ba 5a fd 7f 00 00
RDI=0x00000214367df5e0 points into unknown readable memory: 0x0000000000000000 | 00 00 00 00 00 00 00 00
R8 =0x0000000000000002 is an unknown value
R9 =0x000000000000002e is an unknown value
R10=0x0000000000000018 is an unknown value
R11=0x0000000000000010 is an unknown value
R12=0x000000000000000c is an unknown value
R13=0x0000000000000028 is an unknown value
R14=0x000000000000000a is an unknown value
R15=0x000000b12a4ffaf0 points into unknown readable memory: 0x000000009778a909 | 09 a9 78 97 00 00 00 00

Top of Stack: (sp=0x000000b12a4ffa50)
0x000000b12a4ffa50:   00000214367df580 0000000000000002
0x000000b12a4ffa60:   0000000000000003 0000000000000000
0x000000b12a4ffa70:   000000b1296ff258 0000000000000000
0x000000b12a4ffa80:   000002148f8caa70 0000000000000005
0x000000b12a4ffa90:   00000214367df580 00007ffd5a887238
0x000000b12a4ffaa0:   0000000097789cf5 000000b1296ff2b0
0x000000b12a4ffab0:   0000000000000005 0000000097789cf5
0x000000b12a4ffac0:   0000000000000020 000000b1296ff150
0x000000b12a4ffad0:   0000000000000001 00007ffd5a88770f
0x000000b12a4ffae0:   0000000000000000 000000b12a4ffb79
0x000000b12a4ffaf0:   000000009778a909 0000000000000000
0x000000b12a4ffb00:   00000214367df580 0000000000000005
0x000000b12a4ffb10:   0000000000000006 000002148f6df2c0
0x000000b12a4ffb20:   00000214367df580 0000000000000005
0x000000b12a4ffb30:   00007ffd5ac09e18 00000214367df580
0x000000b12a4ffb40:   000000b1296ff150 000002148f807f00
0x000000b12a4ffb50:   00000000000003d8 000002148f807f10
0x000000b12a4ffb60:   000002148f8082e8 00007ffd5ac09e08
0x000000b12a4ffb70:   0000000000000005 0000000000000000
0x000000b12a4ffb80:   0000000000000000 0000000000000000
0x000000b12a4ffb90:   0000000000000000 0000e086c82f0656
0x000000b12a4ffba0:   000002148f6df2c0 0000000000000000
0x000000b12a4ffbb0:   0000000000000000 0000000000000005
0x000000b12a4ffbc0:   000002148f6df300 0000021434640f88
0x000000b12a4ffbd0:   00000214942511b0 00007ffd5aa52bd1
0x000000b12a4ffbe0:   0000021434640f88 00000214942511b0
0x000000b12a4ffbf0:   0000000000000000 0000000000000005
0x000000b12a4ffc00:   00000214942511b0 0000000000100000
0x000000b12a4ffc10:   0000000000000000 00007ffd5a9ce9ad
0x000000b12a4ffc20:   000000b12a400000 00000000ffffffff
0x000000b12a4ffc30:   0000000000000000 0000000000000000
0x000000b12a4ffc40:   0000000000000004 0000000000001000 

Instructions: (pc=0x00007ffd5a4afa22)
0x00007ffd5a4af922:   8b c2 c1 e8 1f 03 d0 69 c2 ff ff ff 7f 2b c8 85
0x00007ffd5a4af932:   c9 8d 81 ff ff ff 7f 0f 4e c8 33 d2 8b c1 89 8f
0x00007ffd5a4af942:   04 02 00 00 f7 76 08 44 8b c2 3b d5 74 c0 8b dd
0x00007ffd5a4af952:   3b dd 74 05 41 3b d8 75 41 8b 8f 04 02 00 00 b8
0x00007ffd5a4af962:   5f 0b 4e 83 f7 e9 03 d1 c1 fa 10 8b c2 c1 e8 1f
0x00007ffd5a4af972:   03 d0 69 c1 a7 41 00 00 69 ca ff ff ff 7f 2b c1
0x00007ffd5a4af982:   85 c0 8d 88 ff ff ff 7f 0f 4e c1 33 d2 89 87 04
0x00007ffd5a4af992:   02 00 00 f7 76 08 8b da eb b6 41 8b c0 4c 8d 1c
0x00007ffd5a4af9a2:   c5 00 00 00 00 48 8b 46 10 49 8b 0c 03 8b 81 00
0x00007ffd5a4af9b2:   01 00 00 44 8b 89 80 00 00 00 44 2b c8 b8 00 00
0x00007ffd5a4af9c2:   00 00 41 81 e1 ff ff 01 00 41 81 f9 ff ff 01 00
0x00007ffd5a4af9d2:   44 0f 44 c8 8b c3 4c 8d 14 c5 00 00 00 00 48 8b
0x00007ffd5a4af9e2:   46 10 49 8b 0c 02 8b 81 00 01 00 00 8b 91 80 00
0x00007ffd5a4af9f2:   00 00 33 c9 2b d0 8b c1 81 e2 ff ff 01 00 81 fa
0x00007ffd5a4afa02:   ff ff 01 00 0f 44 d1 41 3b d1 76 0a 48 8b 46 10
0x00007ffd5a4afa12:   49 8b 0c 02 eb 10 45 85 c9 74 18 48 8b 46 10 41
0x00007ffd5a4afa22:   8b d8 49 8b 0c 03 49 8b d7 e8 60 e6 ff ff 83 f8
0x00007ffd5a4afa32:   02 74 05 bb ff ff ff ff 89 9f 00 02 00 00 eb 14
0x00007ffd5a4afa42:   75 17 8d 45 ff 49 8b d7 83 e0 01 48 8b 0c c1 e8
0x00007ffd5a4afa52:   3a e6 ff ff 83 f8 02 74 2b 41 ff c6 45 3b f4 0f
0x00007ffd5a4afa62:   82 79 fe ff ff 32 c0 48 8b 5c 24 50 48 8b 6c 24
0x00007ffd5a4afa72:   58 48 8b 74 24 60 48 83 c4 20 41 5f 41 5e 41 5d
0x00007ffd5a4afa82:   41 5c 5f c3 b0 01 eb df cc cc cc cc cc cc 48 8b
0x00007ffd5a4afa92:   89 50 06 00 00 e9 64 33 5a 00 cc cc cc cc 48 89
0x00007ffd5a4afaa2:   54 24 10 4c 89 44 24 18 4c 89 4c 24 20 53 48 83
0x00007ffd5a4afab2:   ec 20 48 8b d9 4c 8d 4c 24 40 4c 8b c2 48 8d 0d
0x00007ffd5a4afac2:   8a 39 95 00 ba 01 00 00 00 e8 40 94 2a 00 48 8b
0x00007ffd5a4afad2:   c3 48 83 c4 20 5b c3 cc cc cc cc cc cc cc 48 89
0x00007ffd5a4afae2:   5c 24 18 55 57 41 57 48 83 ec 20 48 8b 41 18 4c
0x00007ffd5a4afaf2:   8b f9 8b 7a 38 48 8d 4a 3c 48 8b da 48 8b 80 60
0x00007ffd5a4afb02:   06 00 00 48 8b 2c f8 8b 01 c1 e8 02 48 c1 e5 03
0x00007ffd5a4afb12:   a8 01 0f 84 11 01 00 00 8b 42 3c 83 f8 04 0f 85 


Stack slot to memory mapping:

stack at sp + 0 slots: 0x00000214367df580 points into unknown readable memory: 0x00007ffd5ac09b38 | 38 9b c0 5a fd 7f 00 00
stack at sp + 1 slots: 0x0000000000000002 is an unknown value
stack at sp + 2 slots: 0x0000000000000003 is an unknown value
stack at sp + 3 slots: 0x0 is null
stack at sp + 4 slots: 0x000000b1296ff258 points into unknown readable memory: 0x00000214368d2060 | 60 20 8d 36 14 02 00 00
stack at sp + 5 slots: 0x0 is null
stack at sp + 6 slots: 0x000002148f8caa70 points into unknown readable memory: 0x3efd268174090002 | 02 00 09 74 81 26 fd 3e
stack at sp + 7 slots: 0x0000000000000005 is an unknown value


---------------  P R O C E S S  ---------------

Threads class SMR info:
_java_thread_list=0x000002149881a2b0, length=48, elements={
0x00000214368cbcd0, 0x00000214367f29d0, 0x00000214367f5f80, 0x00000214367f9530,
0x00000214367fc710, 0x00000214367fd160, 0x00000214367fe500, 0x00000214367ffc80,
0x0000021436818080, 0x000002148f7243e0, 0x000002148f803880, 0x000002149455d170,
0x000002149455d7d0, 0x000002148f8541f0, 0x000002148f854850, 0x000002148f854eb0,
0x000002148f855920, 0x0000021494520dd0, 0x0000021494882380, 0x00000214945efea0,
0x00000214945f2600, 0x00000214945ef810, 0x00000214945f2c90, 0x00000214945f0530,
0x00000214945f0bc0, 0x00000214945f1250, 0x00000214945f18e0, 0x00000214945f1f70,
0x00000214976ba640, 0x00000214976bc080, 0x00000214976b9fb0, 0x00000214976bdac0,
0x00000214976c08b0, 0x00000214976be150, 0x00000214976bc710, 0x00000214976bacd0,
0x00000214976bb360, 0x00000214976bcda0, 0x00000214976c0f40, 0x00000214976bf500,
0x00000214976bd430, 0x00000214976be7e0, 0x00000214976c0220, 0x00000214976bfb90,
0x00000214976bb9f0, 0x0000021497d65330, 0x0000021497d66d70, 0x0000021497d66050
}

Java Threads: ( => current thread )
  0x00000214368cbcd0 JavaThread "main"                              [_thread_blocked, id=15568, stack(0x000000b129300000,0x000000b129400000) (1024K)]
  0x00000214367f29d0 JavaThread "Reference Handler"          daemon [_thread_blocked, id=13756, stack(0x000000b129700000,0x000000b129800000) (1024K)]
  0x00000214367f5f80 JavaThread "Finalizer"                  daemon [_thread_blocked, id=11232, stack(0x000000b129800000,0x000000b129900000) (1024K)]
  0x00000214367f9530 JavaThread "Signal Dispatcher"          daemon [_thread_blocked, id=4716, stack(0x000000b129900000,0x000000b129a00000) (1024K)]
  0x00000214367fc710 JavaThread "Attach Listener"            daemon [_thread_blocked, id=17080, stack(0x000000b129a00000,0x000000b129b00000) (1024K)]
  0x00000214367fd160 JavaThread "Service Thread"             daemon [_thread_blocked, id=4796, stack(0x000000b129b00000,0x000000b129c00000) (1024K)]
  0x00000214367fe500 JavaThread "Monitor Deflation Thread"   daemon [_thread_blocked, id=8544, stack(0x000000b129c00000,0x000000b129d00000) (1024K)]
  0x00000214367ffc80 JavaThread "C2 CompilerThread0"         daemon [_thread_blocked, id=7824, stack(0x000000b129d00000,0x000000b129e00000) (1024K)]
  0x0000021436818080 JavaThread "C1 CompilerThread0"         daemon [_thread_blocked, id=10700, stack(0x000000b129e00000,0x000000b129f00000) (1024K)]
  0x000002148f7243e0 JavaThread "Common-Cleaner"             daemon [_thread_blocked, id=7328, stack(0x000000b129f00000,0x000000b12a000000) (1024K)]
  0x000002148f803880 JavaThread "Notification Thread"        daemon [_thread_blocked, id=13848, stack(0x000000b12a100000,0x000000b12a200000) (1024K)]
  0x000002149455d170 JavaThread "Equinox resolver thread - Equinox Container: d1985825-99ab-4ac6-8c1a-e450c82de889" daemon [_thread_blocked, id=1900, stack(0x000000b12a700000,0x000000b12a800000) (1024K)]
  0x000002149455d7d0 JavaThread "Equinox resolver thread - Equinox Container: d1985825-99ab-4ac6-8c1a-e450c82de889" daemon [_thread_blocked, id=5296, stack(0x000000b12a800000,0x000000b12a900000) (1024K)]
  0x000002148f8541f0 JavaThread "Equinox resolver thread - Equinox Container: d1985825-99ab-4ac6-8c1a-e450c82de889" daemon [_thread_blocked, id=448, stack(0x000000b12a900000,0x000000b12aa00000) (1024K)]
  0x000002148f854850 JavaThread "Equinox resolver thread - Equinox Container: d1985825-99ab-4ac6-8c1a-e450c82de889" daemon [_thread_blocked, id=11136, stack(0x000000b12aa00000,0x000000b12ab00000) (1024K)]
  0x000002148f854eb0 JavaThread "Equinox resolver thread - Equinox Container: d1985825-99ab-4ac6-8c1a-e450c82de889" daemon [_thread_blocked, id=5020, stack(0x000000b12ab00000,0x000000b12ac00000) (1024K)]
  0x000002148f855920 JavaThread "Equinox resolver thread - Equinox Container: d1985825-99ab-4ac6-8c1a-e450c82de889" daemon [_thread_blocked, id=9600, stack(0x000000b12ac00000,0x000000b12ad00000) (1024K)]
  0x0000021494520dd0 JavaThread "Active Thread: Equinox Container: d1985825-99ab-4ac6-8c1a-e450c82de889"        [_thread_blocked, id=16984, stack(0x000000b12ad00000,0x000000b12ae00000) (1024K)]
  0x0000021494882380 JavaThread "Framework Event Dispatcher: Equinox Container: d1985825-99ab-4ac6-8c1a-e450c82de889" daemon [_thread_blocked, id=16988, stack(0x000000b12ae00000,0x000000b12af00000) (1024K)]
  0x00000214945efea0 JavaThread "Start Level: Equinox Container: d1985825-99ab-4ac6-8c1a-e450c82de889" daemon [_thread_blocked, id=5840, stack(0x000000b12af00000,0x000000b12b000000) (1024K)]
  0x00000214945f2600 JavaThread "Refresh Thread: Equinox Container: d1985825-99ab-4ac6-8c1a-e450c82de889" daemon [_thread_blocked, id=7788, stack(0x000000b12b000000,0x000000b12b100000) (1024K)]
  0x00000214945ef810 JavaThread "Bundle File Closer"         daemon [_thread_blocked, id=6548, stack(0x000000b12b100000,0x000000b12b200000) (1024K)]
  0x00000214945f2c90 JavaThread "SCR Component Actor"        daemon [_thread_blocked, id=9456, stack(0x000000b12b200000,0x000000b12b300000) (1024K)]
  0x00000214945f0530 JavaThread "Worker-JM"                         [_thread_blocked, id=5272, stack(0x000000b12b300000,0x000000b12b400000) (1024K)]
  0x00000214945f0bc0 JavaThread "Worker-0"                          [_thread_blocked, id=9536, stack(0x000000b12b400000,0x000000b12b500000) (1024K)]
  0x00000214945f1250 JavaThread "Worker-1: Java indexing... "        [_thread_blocked, id=6884, stack(0x000000b12b500000,0x000000b12b600000) (1024K)]
  0x00000214945f18e0 JavaThread "Java indexing"              daemon [_thread_blocked, id=17012, stack(0x000000b12b600000,0x000000b12b700000) (1024K)]
  0x00000214945f1f70 JavaThread "JNA Cleaner"                daemon [_thread_blocked, id=12828, stack(0x000000b12b700000,0x000000b12b800000) (1024K)]
  0x00000214976ba640 JavaThread "Worker-2: Check JDK Index"         [_thread_blocked, id=7632, stack(0x000000b12ba00000,0x000000b12bb00000) (1024K)]
  0x00000214976bc080 JavaThread "Worker-3"                          [_thread_blocked, id=16972, stack(0x000000b12bb00000,0x000000b12bc00000) (1024K)]
  0x00000214976b9fb0 JavaThread "Thread-1"                   daemon [_thread_in_native, id=8376, stack(0x000000b12bc00000,0x000000b12bd00000) (1024K)]
  0x00000214976bdac0 JavaThread "Thread-2"                   daemon [_thread_in_native, id=5648, stack(0x000000b12bd00000,0x000000b12be00000) (1024K)]
  0x00000214976c08b0 JavaThread "Thread-3"                   daemon [_thread_in_native, id=6492, stack(0x000000b12be00000,0x000000b12bf00000) (1024K)]
  0x00000214976be150 JavaThread "Thread-4"                   daemon [_thread_in_native, id=17104, stack(0x000000b12bf00000,0x000000b12c000000) (1024K)]
  0x00000214976bc710 JavaThread "Thread-5"                   daemon [_thread_in_native, id=15728, stack(0x000000b12c000000,0x000000b12c100000) (1024K)]
  0x00000214976bacd0 JavaThread "Thread-6"                   daemon [_thread_in_native, id=12376, stack(0x000000b12c100000,0x000000b12c200000) (1024K)]
  0x00000214976bb360 JavaThread "Thread-7"                   daemon [_thread_in_native, id=12144, stack(0x000000b12c200000,0x000000b12c300000) (1024K)]
  0x00000214976bcda0 JavaThread "pool-2-thread-1"                   [_thread_blocked, id=8496, stack(0x000000b12c300000,0x000000b12c400000) (1024K)]
  0x00000214976c0f40 JavaThread "Worker-4"                          [_thread_blocked, id=5252, stack(0x000000b12c400000,0x000000b12c500000) (1024K)]
  0x00000214976bf500 JavaThread "WorkspaceEventsHandler"            [_thread_blocked, id=1432, stack(0x000000b12c600000,0x000000b12c700000) (1024K)]
  0x00000214976bd430 JavaThread "pool-1-thread-1"                   [_thread_blocked, id=10344, stack(0x000000b12c700000,0x000000b12c800000) (1024K)]
  0x00000214976be7e0 JavaThread "Worker-5"                          [_thread_blocked, id=17124, stack(0x000000b12c800000,0x000000b12c900000) (1024K)]
  0x00000214976c0220 JavaThread "Keep-Alive-Timer"           daemon [_thread_blocked, id=6340, stack(0x000000b12c900000,0x000000b12ca00000) (1024K)]
  0x00000214976bfb90 JavaThread "Compiler Source File Reader" daemon [_thread_blocked, id=16180, stack(0x000000b12ca00000,0x000000b12cb00000) (1024K)]
  0x00000214976bb9f0 JavaThread "Compiler Source File Reader" daemon [_thread_blocked, id=6060, stack(0x000000b12cb00000,0x000000b12cc00000) (1024K)]
  0x0000021497d65330 JavaThread "Compiler Source File Reader" daemon [_thread_blocked, id=10832, stack(0x000000b12cc00000,0x000000b12cd00000) (1024K)]
  0x0000021497d66d70 JavaThread "Compiler Processing Task"   daemon [_thread_blocked, id=17364, stack(0x000000b12cd00000,0x000000b12ce00000) (1024K)]
  0x0000021497d66050 JavaThread "Compiler Class File Writer" daemon [_thread_blocked, id=2324, stack(0x000000b12ce00000,0x000000b12cf00000) (1024K)]
Total: 48

Other Threads:
  0x0000021436983a40 VMThread "VM Thread"                           [id=14996, stack(0x000000b129600000,0x000000b129700000) (1024K)]
  0x000002143675c470 WatcherThread "VM Periodic Task Thread"        [id=7884, stack(0x000000b129500000,0x000000b129600000) (1024K)]
  0x00000214368ea0a0 WorkerThread "GC Thread#0"                     [id=10808, stack(0x000000b129400000,0x000000b129500000) (1024K)]
  0x000002149425df90 WorkerThread "GC Thread#1"                     [id=13700, stack(0x000000b12a200000,0x000000b12a300000) (1024K)]
  0x00000214943a9fa0 WorkerThread "GC Thread#2"                     [id=5988, stack(0x000000b12a300000,0x000000b12a400000) (1024K)]
=>0x00000214942511b0 WorkerThread "GC Thread#3"                     [id=3416, stack(0x000000b12a400000,0x000000b12a500000) (1024K)]
  0x0000021494023710 WorkerThread "GC Thread#4"                     [id=5604, stack(0x000000b12a500000,0x000000b12a600000) (1024K)]
  0x0000021494023ab0 WorkerThread "GC Thread#5"                     [id=1552, stack(0x000000b12a600000,0x000000b12a700000) (1024K)]
Total: 8

Threads with active compile tasks:
Total: 0

VM state: at safepoint (normal execution)

VM Mutex/Monitor currently owned by a thread:  ([mutex/lock_event])
[0x00007ffd5ae2d570] Threads_lock - owner thread: 0x0000021436983a40
[0x00007ffd5ae2d670] Heap_lock - owner thread: 0x00000214945f18e0

Heap address: 0x0000000080000000, size: 2048 MB, Compressed Oops mode: 32-bit

CDS archive(s) mapped at: [0x000002144e000000-0x000002144eba0000-0x000002144eba0000), size 12189696, SharedBaseAddress: 0x000002144e000000, ArchiveRelocationMode: 1.
Compressed class space mapped at: 0x000002144f000000-0x000002148f000000, reserved size: 1073741824
Narrow klass base: 0x000002144e000000, Narrow klass shift: 0, Narrow klass range: 0x100000000

GC Precious Log:
 CardTable entry size: 512
 CPUs: 6 total, 6 available
 Memory: 32710M
 Large Page Support: Disabled
 NUMA Support: Disabled
 Compressed Oops: Enabled (32-bit)
 Alignments: Space 512K, Generation 512K, Heap 2M
 Heap Min Capacity: 100M
 Heap Initial Capacity: 100M
 Heap Max Capacity: 2G
 Pre-touch: Disabled
 Parallel Workers: 6

Heap:
 PSYoungGen      total 2560K, used 2163K [0x00000000d5580000, 0x00000000d5980000, 0x0000000100000000)
  eden space 1024K, 100% used [0x00000000d5580000,0x00000000d5680000,0x00000000d5680000)
  from space 1536K, 74% used [0x00000000d5680000,0x00000000d579cfd0,0x00000000d5800000)
  to   space 1536K, 71% used [0x00000000d5800000,0x00000000d5913f18,0x00000000d5980000)
 ParOldGen       total 388608K, used 388256K [0x0000000080000000, 0x0000000097b80000, 0x00000000d5580000)
  object space 388608K, 99% used [0x0000000080000000,0x0000000097b282c8,0x0000000097b80000)
 Metaspace       used 64854K, committed 66304K, reserved 1114112K
  class space    used 6987K, committed 7616K, reserved 1048576K

Card table byte_map: [0x0000021436270000,0x0000021436680000] _byte_map_base: 0x0000021435e70000

Marking Bits: (ParMarkBitMap*) 0x00007ffd5ae32460
 Begin Bits: [0x0000021448d80000, 0x000002144ad80000)
 End Bits:   [0x000002144ad80000, 0x000002144cd80000)

Polling page: 0x0000021434880000

Metaspace:

Usage:
  Non-class:     56.51 MB used.
      Class:      6.82 MB used.
       Both:     63.33 MB used.

Virtual space:
  Non-class space:       64.00 MB reserved,      57.31 MB ( 90%) committed,  1 nodes.
      Class space:        1.00 GB reserved,       7.44 MB ( <1%) committed,  1 nodes.
             Both:        1.06 GB reserved,      64.75 MB (  6%) committed. 

Chunk freelists:
   Non-Class:  5.95 MB
       Class:  8.61 MB
        Both:  14.56 MB

MaxMetaspaceSize: unlimited
CompressedClassSpaceSize: 1.00 GB
Initial GC threshold: 21.00 MB
Current GC threshold: 97.31 MB
CDS: on
 - commit_granule_bytes: 65536.
 - commit_granule_words: 8192.
 - virtual_space_node_default_size: 8388608.
 - enlarge_chunks_in_place: 1.
 - use_allocation_guard: 0.


Internal statistics:

num_allocs_failed_limit: 9.
num_arena_births: 990.
num_arena_deaths: 14.
num_vsnodes_births: 2.
num_vsnodes_deaths: 0.
num_space_committed: 1036.
num_space_uncommitted: 0.
num_chunks_returned_to_freelist: 23.
num_chunks_taken_from_freelist: 3701.
num_chunk_merges: 12.
num_chunk_splits: 2338.
num_chunks_enlarged: 1404.
num_inconsistent_stats: 0.

CodeHeap 'non-profiled nmethods': size=120000Kb used=6374Kb max_used=6374Kb free=113625Kb
 bounds [0x00000214415a0000, 0x0000021441be0000, 0x0000021448ad0000]
CodeHeap 'profiled nmethods': size=120000Kb used=18880Kb max_used=18880Kb free=101119Kb
 bounds [0x0000021439ad0000, 0x000002143ad50000, 0x0000021441000000]
CodeHeap 'non-nmethods': size=5760Kb used=1472Kb max_used=1587Kb free=4287Kb
 bounds [0x0000021441000000, 0x0000021441270000, 0x00000214415a0000]
CodeCache: size=245760Kb, used=26726Kb, max_used=26841Kb, free=219031Kb
 total_blobs=9817, nmethods=9025, adapters=698, full_count=0
Compilation: enabled, stopped_count=0, restarted_count=0

Compilation events (20 events):
Event: 10.171 Thread 0x00000214367ffc80 nmethod 9895 0x0000021441bc7e10 code [0x0000021441bc7fe0, 0x0000021441bc85d8]
Event: 10.171 Thread 0x00000214367ffc80 9899 %     4       org.eclipse.jdt.internal.core.index.DiskIndex::copyQueryResults @ 21 (221 bytes)
Event: 10.172 Thread 0x0000021494e48a60 nmethod 9894 0x0000021441bc8810 code [0x0000021441bc8a00, 0x0000021441bc8f48]
Event: 10.172 Thread 0x0000021494e48a60 9900 %     4       org.eclipse.jdt.internal.compiler.util.HashtableOfObject::rehash @ 27 (84 bytes)
Event: 10.175 Thread 0x0000021494e48a60 nmethod 9900% 0x0000021441bc9190 code [0x0000021441bc93a0, 0x0000021441bc9b08]
Event: 10.175 Thread 0x0000021494e48a60 9887       4       org.eclipse.jdt.internal.core.index.DiskIndex::writeStreamChars (220 bytes)
Event: 10.179 Thread 0x0000021494e48a60 nmethod 9887 0x0000021441bc9f10 code [0x0000021441bca0e0, 0x0000021441bca660]
Event: 10.179 Thread 0x0000021494e48a60 9901       4       org.eclipse.jdt.internal.compiler.util.HashtableOfObject::rehash (84 bytes)
Event: 10.186 Thread 0x0000021494e48a60 nmethod 9901 0x0000021441bca910 code [0x0000021441bcab80, 0x0000021441bcb6d0]
Event: 10.186 Thread 0x0000021494e48a60 9902       4       org.eclipse.jdt.internal.compiler.util.HashtableOfObject::put (101 bytes)
Event: 10.189 Thread 0x0000021494e48a60 nmethod 9902 0x0000021441bcbc90 code [0x0000021441bcbea0, 0x0000021441bcc640]
Event: 10.189 Thread 0x0000021494e48a60 9898       4       org.eclipse.jdt.internal.core.index.DiskIndex$IntList::add (67 bytes)
Event: 10.190 Thread 0x0000021494e48a60 nmethod 9898 0x0000021441bcc990 code [0x0000021441bccb20, 0x0000021441bcce40]
Event: 10.196 Thread 0x00000214367ffc80 nmethod 9899% 0x0000021441bccf90 code [0x0000021441bcd340, 0x0000021441bcfd60]
Event: 10.196 Thread 0x00000214367ffc80 9903 %     4       org.eclipse.jdt.internal.core.index.DiskIndex::copyQueryResults @ 107 (221 bytes)
Event: 10.224 Thread 0x00000214367ffc80 nmethod 9903% 0x0000021441bd0d90 code [0x0000021441bd11a0, 0x0000021441bd4088]
Event: 10.224 Thread 0x00000214367ffc80 9904       4       org.eclipse.jdt.internal.core.index.DiskIndex::copyQueryResults (221 bytes)
Event: 10.248 Thread 0x00000214367ffc80 nmethod 9904 0x0000021441bd5410 code [0x0000021441bd5800, 0x0000021441bd8358]
Event: 10.298 Thread 0x0000021436818080 9905  s    1       org.eclipse.jdt.internal.core.search.processing.JobManager::getProcessingThread (5 bytes)
Event: 10.298 Thread 0x0000021436818080 nmethod 9905 0x0000021441bd9590 code [0x0000021441bd9720, 0x0000021441bd98a8]

GC Heap History (20 events):
Event: 10.563 GC heap after
{Heap after GC invocations=395 (full 3):
 PSYoungGen      total 2048K, used 1011K [0x00000000d5580000, 0x00000000d5b80000, 0x0000000100000000)
  eden space 1024K, 0% used [0x00000000d5580000,0x00000000d5580000,0x00000000d5680000)
  from space 1024K, 98% used [0x00000000d5a80000,0x00000000d5b7cdb0,0x00000000d5b80000)
  to   space 2560K, 0% used [0x00000000d5680000,0x00000000d5680000,0x00000000d5900000)
 ParOldGen       total 376832K, used 376499K [0x0000000080000000, 0x0000000097000000, 0x00000000d5580000)
  object space 376832K, 99% used [0x0000000080000000,0x0000000096facc50,0x0000000097000000)
 Metaspace       used 64854K, committed 66304K, reserved 1114112K
  class space    used 6987K, committed 7616K, reserved 1048576K
}
Event: 10.574 GC heap before
{Heap before GC invocations=396 (full 3):
 PSYoungGen      total 2048K, used 2035K [0x00000000d5580000, 0x00000000d5b80000, 0x0000000100000000)
  eden space 1024K, 100% used [0x00000000d5580000,0x00000000d5680000,0x00000000d5680000)
  from space 1024K, 98% used [0x00000000d5a80000,0x00000000d5b7cdb0,0x00000000d5b80000)
  to   space 2560K, 0% used [0x00000000d5680000,0x00000000d5680000,0x00000000d5900000)
 ParOldGen       total 376832K, used 376499K [0x0000000080000000, 0x0000000097000000, 0x00000000d5580000)
  object space 376832K, 99% used [0x0000000080000000,0x0000000096facc50,0x0000000097000000)
 Metaspace       used 64854K, committed 66304K, reserved 1114112K
  class space    used 6987K, committed 7616K, reserved 1048576K
}
Event: 10.575 GC heap after
{Heap after GC invocations=396 (full 3):
 PSYoungGen      total 3584K, used 1103K [0x00000000d5580000, 0x00000000d5b00000, 0x0000000100000000)
  eden space 1024K, 0% used [0x00000000d5580000,0x00000000d5580000,0x00000000d5680000)
  from space 2560K, 43% used [0x00000000d5680000,0x00000000d5793f18,0x00000000d5900000)
  to   space 1536K, 0% used [0x00000000d5980000,0x00000000d5980000,0x00000000d5b00000)
 ParOldGen       total 377856K, used 377527K [0x0000000080000000, 0x0000000097100000, 0x00000000d5580000)
  object space 377856K, 99% used [0x0000000080000000,0x00000000970aded8,0x0000000097100000)
 Metaspace       used 64854K, committed 66304K, reserved 1114112K
  class space    used 6987K, committed 7616K, reserved 1048576K
}
Event: 10.588 GC heap before
{Heap before GC invocations=397 (full 3):
 PSYoungGen      total 3584K, used 2127K [0x00000000d5580000, 0x00000000d5b00000, 0x0000000100000000)
  eden space 1024K, 100% used [0x00000000d5580000,0x00000000d5680000,0x00000000d5680000)
  from space 2560K, 43% used [0x00000000d5680000,0x00000000d5793f18,0x00000000d5900000)
  to   space 1536K, 0% used [0x00000000d5980000,0x00000000d5980000,0x00000000d5b00000)
 ParOldGen       total 377856K, used 377527K [0x0000000080000000, 0x0000000097100000, 0x00000000d5580000)
  object space 377856K, 99% used [0x0000000080000000,0x00000000970aded8,0x0000000097100000)
 Metaspace       used 64854K, committed 66304K, reserved 1114112K
  class space    used 6987K, committed 7616K, reserved 1048576K
}
Event: 10.589 GC heap after
{Heap after GC invocations=397 (full 3):
 PSYoungGen      total 2560K, used 1071K [0x00000000d5580000, 0x00000000d5b00000, 0x0000000100000000)
  eden space 1024K, 0% used [0x00000000d5580000,0x00000000d5580000,0x00000000d5680000)
  from space 1536K, 69% used [0x00000000d5980000,0x00000000d5a8bf18,0x00000000d5b00000)
  to   space 1536K, 0% used [0x00000000d5800000,0x00000000d5800000,0x00000000d5980000)
 ParOldGen       total 378880K, used 378563K [0x0000000080000000, 0x0000000097200000, 0x00000000d5580000)
  object space 378880K, 99% used [0x0000000080000000,0x00000000971b0d88,0x0000000097200000)
 Metaspace       used 64854K, committed 66304K, reserved 1114112K
  class space    used 6987K, committed 7616K, reserved 1048576K
}
Event: 10.600 GC heap before
{Heap before GC invocations=398 (full 3):
 PSYoungGen      total 2560K, used 1997K [0x00000000d5580000, 0x00000000d5b00000, 0x0000000100000000)
  eden space 1024K, 90% used [0x00000000d5580000,0x00000000d56677f0,0x00000000d5680000)
  from space 1536K, 69% used [0x00000000d5980000,0x00000000d5a8bf18,0x00000000d5b00000)
  to   space 1536K, 0% used [0x00000000d5800000,0x00000000d5800000,0x00000000d5980000)
 ParOldGen       total 378880K, used 378563K [0x0000000080000000, 0x0000000097200000, 0x00000000d5580000)
  object space 378880K, 99% used [0x0000000080000000,0x00000000971b0d88,0x0000000097200000)
 Metaspace       used 64854K, committed 66304K, reserved 1114112K
  class space    used 6987K, committed 7616K, reserved 1048576K
}
Event: 10.601 GC heap after
{Heap after GC invocations=398 (full 3):
 PSYoungGen      total 2048K, used 1011K [0x00000000d5580000, 0x00000000d5a00000, 0x0000000100000000)
  eden space 1024K, 0% used [0x00000000d5580000,0x00000000d5580000,0x00000000d5680000)
  from space 1024K, 98% used [0x00000000d5800000,0x00000000d58fcfd0,0x00000000d5900000)
  to   space 1024K, 0% used [0x00000000d5900000,0x00000000d5900000,0x00000000d5a00000)
 ParOldGen       total 379904K, used 379597K [0x0000000080000000, 0x0000000097300000, 0x00000000d5580000)
  object space 379904K, 99% used [0x0000000080000000,0x00000000972b3740,0x0000000097300000)
 Metaspace       used 64854K, committed 66304K, reserved 1114112K
  class space    used 6987K, committed 7616K, reserved 1048576K
}
Event: 10.610 GC heap before
{Heap before GC invocations=399 (full 3):
 PSYoungGen      total 2048K, used 2035K [0x00000000d5580000, 0x00000000d5a00000, 0x0000000100000000)
  eden space 1024K, 100% used [0x00000000d5580000,0x00000000d5680000,0x00000000d5680000)
  from space 1024K, 98% used [0x00000000d5800000,0x00000000d58fcfd0,0x00000000d5900000)
  to   space 1024K, 0% used [0x00000000d5900000,0x00000000d5900000,0x00000000d5a00000)
 ParOldGen       total 379904K, used 379597K [0x0000000080000000, 0x0000000097300000, 0x00000000d5580000)
  object space 379904K, 99% used [0x0000000080000000,0x00000000972b3740,0x0000000097300000)
 Metaspace       used 64854K, committed 66304K, reserved 1114112K
  class space    used 6987K, committed 7616K, reserved 1048576K
}
Event: 10.611 GC heap after
{Heap after GC invocations=399 (full 3):
 PSYoungGen      total 2048K, used 1024K [0x00000000d5580000, 0x00000000d5b80000, 0x0000000100000000)
  eden space 1024K, 0% used [0x00000000d5580000,0x00000000d5580000,0x00000000d5680000)
  from space 1024K, 100% used [0x00000000d5900000,0x00000000d5a00000,0x00000000d5a00000)
  to   space 2560K, 0% used [0x00000000d5680000,0x00000000d5680000,0x00000000d5900000)
 ParOldGen       total 380928K, used 380554K [0x0000000080000000, 0x0000000097400000, 0x00000000d5580000)
  object space 380928K, 99% used [0x0000000080000000,0x00000000973a2b98,0x0000000097400000)
 Metaspace       used 64854K, committed 66304K, reserved 1114112K
  class space    used 6987K, committed 7616K, reserved 1048576K
}
Event: 10.618 GC heap before
{Heap before GC invocations=400 (full 3):
 PSYoungGen      total 2048K, used 2048K [0x00000000d5580000, 0x00000000d5b80000, 0x0000000100000000)
  eden space 1024K, 100% used [0x00000000d5580000,0x00000000d5680000,0x00000000d5680000)
  from space 1024K, 100% used [0x00000000d5900000,0x00000000d5a00000,0x00000000d5a00000)
  to   space 2560K, 0% used [0x00000000d5680000,0x00000000d5680000,0x00000000d5900000)
 ParOldGen       total 380928K, used 380554K [0x0000000080000000, 0x0000000097400000, 0x00000000d5580000)
  object space 380928K, 99% used [0x0000000080000000,0x00000000973a2b98,0x0000000097400000)
 Metaspace       used 64854K, committed 66304K, reserved 1114112K
  class space    used 6987K, committed 7616K, reserved 1048576K
}
Event: 10.619 GC heap after
{Heap after GC invocations=400 (full 3):
 PSYoungGen      total 2560K, used 1086K [0x00000000d5580000, 0x00000000d5980000, 0x0000000100000000)
  eden space 1024K, 0% used [0x00000000d5580000,0x00000000d5580000,0x00000000d5680000)
  from space 1536K, 70% used [0x00000000d5680000,0x00000000d578fa18,0x00000000d5800000)
  to   space 1536K, 0% used [0x00000000d5800000,0x00000000d5800000,0x00000000d5980000)
 ParOldGen       total 381952K, used 381570K [0x0000000080000000, 0x0000000097500000, 0x00000000d5580000)
  object space 381952K, 99% used [0x0000000080000000,0x00000000974a0b38,0x0000000097500000)
 Metaspace       used 64854K, committed 66304K, reserved 1114112K
  class space    used 6987K, committed 7616K, reserved 1048576K
}
Event: 10.630 GC heap before
{Heap before GC invocations=401 (full 3):
 PSYoungGen      total 2560K, used 2110K [0x00000000d5580000, 0x00000000d5980000, 0x0000000100000000)
  eden space 1024K, 100% used [0x00000000d5580000,0x00000000d5680000,0x00000000d5680000)
  from space 1536K, 70% used [0x00000000d5680000,0x00000000d578fa18,0x00000000d5800000)
  to   space 1536K, 0% used [0x00000000d5800000,0x00000000d5800000,0x00000000d5980000)
 ParOldGen       total 381952K, used 381570K [0x0000000080000000, 0x0000000097500000, 0x00000000d5580000)
  object space 381952K, 99% used [0x0000000080000000,0x00000000974a0b38,0x0000000097500000)
 Metaspace       used 64854K, committed 66304K, reserved 1114112K
  class space    used 6987K, committed 7616K, reserved 1048576K
}
Event: 10.631 GC heap after
{Heap after GC invocations=401 (full 3):
 PSYoungGen      total 2560K, used 1083K [0x00000000d5580000, 0x00000000d5980000, 0x0000000100000000)
  eden space 1024K, 0% used [0x00000000d5580000,0x00000000d5580000,0x00000000d5680000)
  from space 1536K, 70% used [0x00000000d5800000,0x00000000d590ef70,0x00000000d5980000)
  to   space 1536K, 0% used [0x00000000d5680000,0x00000000d5680000,0x00000000d5800000)
 ParOldGen       total 382976K, used 382618K [0x0000000080000000, 0x0000000097600000, 0x00000000d5580000)
  object space 382976K, 99% used [0x0000000080000000,0x00000000975a6a98,0x0000000097600000)
 Metaspace       used 64854K, committed 66304K, reserved 1114112K
  class space    used 6987K, committed 7616K, reserved 1048576K
}
Event: 10.639 GC heap before
{Heap before GC invocations=402 (full 3):
 PSYoungGen      total 2560K, used 2107K [0x00000000d5580000, 0x00000000d5980000, 0x0000000100000000)
  eden space 1024K, 100% used [0x00000000d5580000,0x00000000d5680000,0x00000000d5680000)
  from space 1536K, 70% used [0x00000000d5800000,0x00000000d590ef70,0x00000000d5980000)
  to   space 1536K, 0% used [0x00000000d5680000,0x00000000d5680000,0x00000000d5800000)
 ParOldGen       total 382976K, used 382618K [0x0000000080000000, 0x0000000097600000, 0x00000000d5580000)
  object space 382976K, 99% used [0x0000000080000000,0x00000000975a6a98,0x0000000097600000)
 Metaspace       used 64854K, committed 66304K, reserved 1114112K
  class space    used 6987K, committed 7616K, reserved 1048576K
}
Event: 10.641 GC heap after
{Heap after GC invocations=402 (full 3):
 PSYoungGen      total 2560K, used 1171K [0x00000000d5580000, 0x00000000d5980000, 0x0000000100000000)
  eden space 1024K, 0% used [0x00000000d5580000,0x00000000d5580000,0x00000000d5680000)
  from space 1536K, 76% used [0x00000000d5680000,0x00000000d57a4fd0,0x00000000d5800000)
  to   space 1536K, 0% used [0x00000000d5800000,0x00000000d5800000,0x00000000d5980000)
 ParOldGen       total 384000K, used 383653K [0x0000000080000000, 0x0000000097700000, 0x00000000d5580000)
  object space 384000K, 99% used [0x0000000080000000,0x00000000976a9408,0x0000000097700000)
 Metaspace       used 64854K, committed 66304K, reserved 1114112K
  class space    used 6987K, committed 7616K, reserved 1048576K
}
Event: 10.655 GC heap before
{Heap before GC invocations=403 (full 3):
 PSYoungGen      total 2560K, used 2195K [0x00000000d5580000, 0x00000000d5980000, 0x0000000100000000)
  eden space 1024K, 100% used [0x00000000d5580000,0x00000000d5680000,0x00000000d5680000)
  from space 1536K, 76% used [0x00000000d5680000,0x00000000d57a4fd0,0x00000000d5800000)
  to   space 1536K, 0% used [0x00000000d5800000,0x00000000d5800000,0x00000000d5980000)
 ParOldGen       total 384000K, used 383653K [0x0000000080000000, 0x0000000097700000, 0x00000000d5580000)
  object space 384000K, 99% used [0x0000000080000000,0x00000000976a9408,0x0000000097700000)
 Metaspace       used 64854K, committed 66304K, reserved 1114112K
  class space    used 6987K, committed 7616K, reserved 1048576K
}
Event: 10.656 GC heap after
{Heap after GC invocations=403 (full 3):
 PSYoungGen      total 2560K, used 1095K [0x00000000d5580000, 0x00000000d5980000, 0x0000000100000000)
  eden space 1024K, 0% used [0x00000000d5580000,0x00000000d5580000,0x00000000d5680000)
  from space 1536K, 71% used [0x00000000d5800000,0x00000000d5911fa0,0x00000000d5980000)
  to   space 1536K, 0% used [0x00000000d5680000,0x00000000d5680000,0x00000000d5800000)
 ParOldGen       total 385024K, used 384687K [0x0000000080000000, 0x0000000097800000, 0x00000000d5580000)
  object space 385024K, 99% used [0x0000000080000000,0x00000000977abe70,0x0000000097800000)
 Metaspace       used 64854K, committed 66304K, reserved 1114112K
  class space    used 6987K, committed 7616K, reserved 1048576K
}
Event: 10.669 GC heap before
{Heap before GC invocations=404 (full 3):
 PSYoungGen      total 2560K, used 2119K [0x00000000d5580000, 0x00000000d5980000, 0x0000000100000000)
  eden space 1024K, 100% used [0x00000000d5580000,0x00000000d5680000,0x00000000d5680000)
  from space 1536K, 71% used [0x00000000d5800000,0x00000000d5911fa0,0x00000000d5980000)
  to   space 1536K, 0% used [0x00000000d5680000,0x00000000d5680000,0x00000000d5800000)
 ParOldGen       total 385024K, used 384687K [0x0000000080000000, 0x0000000097800000, 0x00000000d5580000)
  object space 385024K, 99% used [0x0000000080000000,0x00000000977abe70,0x0000000097800000)
 Metaspace       used 64854K, committed 66304K, reserved 1114112K
  class space    used 6987K, committed 7616K, reserved 1048576K
}
Event: 10.671 GC heap after
{Heap after GC invocations=404 (full 3):
 PSYoungGen      total 2560K, used 1139K [0x00000000d5580000, 0x00000000d5980000, 0x0000000100000000)
  eden space 1024K, 0% used [0x00000000d5580000,0x00000000d5580000,0x00000000d5680000)
  from space 1536K, 74% used [0x00000000d5680000,0x00000000d579cfd0,0x00000000d5800000)
  to   space 1536K, 0% used [0x00000000d5800000,0x00000000d5800000,0x00000000d5980000)
 ParOldGen       total 386048K, used 385708K [0x0000000080000000, 0x0000000097900000, 0x00000000d5580000)
  object space 386048K, 99% used [0x0000000080000000,0x00000000978ab350,0x0000000097900000)
 Metaspace       used 64854K, committed 66304K, reserved 1114112K
  class space    used 6987K, committed 7616K, reserved 1048576K
}
Event: 10.689 GC heap before
{Heap before GC invocations=405 (full 3):
 PSYoungGen      total 2560K, used 2163K [0x00000000d5580000, 0x00000000d5980000, 0x0000000100000000)
  eden space 1024K, 100% used [0x00000000d5580000,0x00000000d5680000,0x00000000d5680000)
  from space 1536K, 74% used [0x00000000d5680000,0x00000000d579cfd0,0x00000000d5800000)
  to   space 1536K, 0% used [0x00000000d5800000,0x00000000d5800000,0x00000000d5980000)
 ParOldGen       total 388096K, used 387220K [0x0000000080000000, 0x0000000097b00000, 0x00000000d5580000)
  object space 388096K, 99% used [0x0000000080000000,0x0000000097a25350,0x0000000097b00000)
 Metaspace       used 64854K, committed 66304K, reserved 1114112K
  class space    used 6987K, committed 7616K, reserved 1048576K
}

Dll operation events (14 events):
Event: 0.007 Loaded shared library c:\Users\Lei\.vscode\extensions\redhat.java-1.50.0-win32-x64\jre\21.0.9-win32-x86_64\bin\java.dll
Event: 0.030 Loaded shared library c:\Users\Lei\.vscode\extensions\redhat.java-1.50.0-win32-x64\jre\21.0.9-win32-x86_64\bin\zip.dll
Event: 0.104 Loaded shared library C:\Users\Lei\.vscode\extensions\redhat.java-1.50.0-win32-x64\jre\21.0.9-win32-x86_64\bin\instrument.dll
Event: 0.108 Loaded shared library C:\Users\Lei\.vscode\extensions\redhat.java-1.50.0-win32-x64\jre\21.0.9-win32-x86_64\bin\net.dll
Event: 0.111 Loaded shared library C:\Users\Lei\.vscode\extensions\redhat.java-1.50.0-win32-x64\jre\21.0.9-win32-x86_64\bin\nio.dll
Event: 0.115 Loaded shared library C:\Users\Lei\.vscode\extensions\redhat.java-1.50.0-win32-x64\jre\21.0.9-win32-x86_64\bin\zip.dll
Event: 0.133 Loaded shared library C:\Users\Lei\.vscode\extensions\redhat.java-1.50.0-win32-x64\jre\21.0.9-win32-x86_64\bin\jimage.dll
Event: 0.193 Loaded shared library c:\Users\Lei\.vscode\extensions\redhat.java-1.50.0-win32-x64\jre\21.0.9-win32-x86_64\bin\verify.dll
Event: 1.307 Loaded shared library C:\Users\Lei\AppData\Roaming\Code\User\globalStorage\redhat.java\1.50.0\config_win\org.eclipse.equinox.launcher\org.eclipse.equinox.launcher.win32.win32.x86_64_1.2.1400.v20250801-0854\eclipse_11916.dll
Event: 2.376 Loaded shared library C:\Users\Lei\.vscode\extensions\redhat.java-1.50.0-win32-x64\jre\21.0.9-win32-x86_64\bin\management.dll
Event: 2.379 Loaded shared library C:\Users\Lei\.vscode\extensions\redhat.java-1.50.0-win32-x64\jre\21.0.9-win32-x86_64\bin\management_ext.dll
Event: 3.313 Loaded shared library C:\Users\Lei\AppData\Local\Temp\jna-76272\jna16489988119951999990.dll
Event: 3.498 Loaded shared library C:\Users\Lei\.vscode\extensions\redhat.java-1.50.0-win32-x64\jre\21.0.9-win32-x86_64\bin\sunmscapi.dll
Event: 3.806 Loaded shared library C:\Users\Lei\.vscode\extensions\redhat.java-1.50.0-win32-x64\jre\21.0.9-win32-x86_64\bin\extnet.dll

Deoptimization events (20 events):
Event: 10.236 Thread 0x00000214945f18e0 DEOPT PACKING pc=0x000002143ad3fb0b sp=0x000000b12b6feda0
Event: 10.236 Thread 0x00000214945f18e0 DEOPT UNPACKING pc=0x0000021441054242 sp=0x000000b12b6fe268 mode 0
Event: 10.237 Thread 0x00000214945f18e0 DEOPT PACKING pc=0x000002143ad3fb0b sp=0x000000b12b6feda0
Event: 10.237 Thread 0x00000214945f18e0 DEOPT UNPACKING pc=0x0000021441054242 sp=0x000000b12b6fe268 mode 0
Event: 10.237 Thread 0x00000214945f18e0 DEOPT PACKING pc=0x000002143ad3fa9a sp=0x000000b12b6feda0
Event: 10.237 Thread 0x00000214945f18e0 DEOPT UNPACKING pc=0x0000021441054242 sp=0x000000b12b6fe268 mode 0
Event: 10.238 Thread 0x00000214945f18e0 DEOPT PACKING pc=0x000002143ad3fb0b sp=0x000000b12b6feda0
Event: 10.238 Thread 0x00000214945f18e0 DEOPT UNPACKING pc=0x0000021441054242 sp=0x000000b12b6fe268 mode 0
Event: 10.238 Thread 0x00000214945f18e0 DEOPT PACKING pc=0x000002143ad3fb0b sp=0x000000b12b6feda0
Event: 10.238 Thread 0x00000214945f18e0 DEOPT UNPACKING pc=0x0000021441054242 sp=0x000000b12b6fe268 mode 0
Event: 10.239 Thread 0x00000214945f18e0 DEOPT PACKING pc=0x000002143ad3fb0b sp=0x000000b12b6feda0
Event: 10.239 Thread 0x00000214945f18e0 DEOPT UNPACKING pc=0x0000021441054242 sp=0x000000b12b6fe268 mode 0
Event: 10.239 Thread 0x00000214945f18e0 DEOPT PACKING pc=0x000002143ad3fb0b sp=0x000000b12b6feda0
Event: 10.239 Thread 0x00000214945f18e0 DEOPT UNPACKING pc=0x0000021441054242 sp=0x000000b12b6fe268 mode 0
Event: 10.243 Thread 0x00000214945f18e0 DEOPT PACKING pc=0x000002143ad3fb0b sp=0x000000b12b6feda0
Event: 10.243 Thread 0x00000214945f18e0 DEOPT UNPACKING pc=0x0000021441054242 sp=0x000000b12b6fe268 mode 0
Event: 10.244 Thread 0x00000214945f18e0 DEOPT PACKING pc=0x000002143ad3fb0b sp=0x000000b12b6feda0
Event: 10.244 Thread 0x00000214945f18e0 DEOPT UNPACKING pc=0x0000021441054242 sp=0x000000b12b6fe268 mode 0
Event: 10.248 Thread 0x00000214945f18e0 DEOPT PACKING pc=0x000002143ad3fb0b sp=0x000000b12b6feda0
Event: 10.248 Thread 0x00000214945f18e0 DEOPT UNPACKING pc=0x0000021441054242 sp=0x000000b12b6fe268 mode 0

Classes loaded (20 events):
Event: 6.564 Loading class sun/nio/cs/ThreadLocalCoders$2
Event: 6.564 Loading class sun/nio/cs/ThreadLocalCoders$2 done
Event: 6.599 Loading class java/util/Hashtable$ValueCollection
Event: 6.599 Loading class java/util/Hashtable$ValueCollection done
Event: 6.646 Loading class java/util/stream/ReduceOps$4
Event: 6.646 Loading class java/util/stream/ReduceOps$4 done
Event: 6.646 Loading class java/util/stream/ReduceOps$4ReducingSink
Event: 6.646 Loading class java/util/stream/ReduceOps$4ReducingSink done
Event: 6.679 Loading class java/util/ArrayDeque$DeqSpliterator
Event: 6.679 Loading class java/util/ArrayDeque$DeqSpliterator done
Event: 6.812 Loading class java/nio/file/Files$2
Event: 6.813 Loading class java/nio/file/Files$2 done
Event: 6.814 Loading class java/util/concurrent/ArrayBlockingQueue
Event: 6.814 Loading class java/util/concurrent/ArrayBlockingQueue done
Event: 6.833 Loading class java/util/concurrent/ConcurrentHashMap$KeySpliterator
Event: 6.833 Loading class java/util/concurrent/ConcurrentHashMap$KeySpliterator done
Event: 7.275 Loading class java/lang/Throwable$WrappedPrintWriter
Event: 7.275 Loading class java/lang/Throwable$PrintStreamOrWriter
Event: 7.275 Loading class java/lang/Throwable$PrintStreamOrWriter done
Event: 7.275 Loading class java/lang/Throwable$WrappedPrintWriter done

Classes unloaded (7 events):
Event: 2.753 Thread 0x0000021436983a40 Unloading class 0x000002144f1b2400 'java/lang/invoke/LambdaForm$MH+0x000002144f1b2400'
Event: 2.753 Thread 0x0000021436983a40 Unloading class 0x000002144f1b2000 'java/lang/invoke/LambdaForm$MH+0x000002144f1b2000'
Event: 2.753 Thread 0x0000021436983a40 Unloading class 0x000002144f1b1c00 'java/lang/invoke/LambdaForm$MH+0x000002144f1b1c00'
Event: 2.753 Thread 0x0000021436983a40 Unloading class 0x000002144f1b1800 'java/lang/invoke/LambdaForm$MH+0x000002144f1b1800'
Event: 2.753 Thread 0x0000021436983a40 Unloading class 0x000002144f1b1400 'java/lang/invoke/LambdaForm$BMH+0x000002144f1b1400'
Event: 2.753 Thread 0x0000021436983a40 Unloading class 0x000002144f1b1000 'java/lang/invoke/LambdaForm$DMH+0x000002144f1b1000'
Event: 2.753 Thread 0x0000021436983a40 Unloading class 0x000002144f1b0000 'java/lang/invoke/LambdaForm$DMH+0x000002144f1b0000'

Classes redefined (0 events):
No events

Internal exceptions (20 events):
Event: 6.849 Thread 0x00000214945f0bc0 Exception <a 'sun/nio/fs/WindowsException'{0x00000000d6045310}> (0x00000000d6045310) 
thrown [s\src\hotspot\share\prims\jni.cpp, line 520]
Event: 6.849 Thread 0x00000214945f0bc0 Exception <a 'sun/nio/fs/WindowsException'{0x00000000d60458c0}> (0x00000000d60458c0) 
thrown [s\src\hotspot\share\prims\jni.cpp, line 520]
Event: 6.949 Thread 0x00000214976bd430 Exception <a 'java/lang/IncompatibleClassChangeError'{0x00000000d5904978}: Found class java.lang.Object, but interface was expected> (0x00000000d5904978) 
thrown [s\src\hotspot\share\interpreter\linkResolver.cpp, line 840]
Event: 6.957 Thread 0x00000214976c0f40 Exception <a 'sun/nio/fs/WindowsException'{0x00000000d5a33ea8}> (0x00000000d5a33ea8) 
thrown [s\src\hotspot\share\prims\jni.cpp, line 520]
Event: 6.957 Thread 0x00000214976c0f40 Exception <a 'sun/nio/fs/WindowsException'{0x00000000d5a346b8}> (0x00000000d5a346b8) 
thrown [s\src\hotspot\share\prims\jni.cpp, line 520]
Event: 6.988 Thread 0x00000214976c0f40 Exception <a 'sun/nio/fs/WindowsException'{0x00000000d5b02880}> (0x00000000d5b02880) 
thrown [s\src\hotspot\share\prims\jni.cpp, line 520]
Event: 6.988 Thread 0x00000214976c0f40 Exception <a 'sun/nio/fs/WindowsException'{0x00000000d5b090d0}> (0x00000000d5b090d0) 
thrown [s\src\hotspot\share\prims\jni.cpp, line 520]
Event: 7.155 Thread 0x00000214945f0bc0 Exception <a 'java/lang/NoSuchMethodError'{0x00000000d5848a58}: 'java.lang.Object java.lang.invoke.DirectMethodHandle$Holder.invokeSpecial(java.lang.Object, java.lang.Object, int, long)'> (0x00000000d5848a58) 
thrown [s\src\hotspot\share\interpreter\linkResolver.cpp, line 773]
Event: 7.207 Thread 0x00000214976be7e0 Exception <a 'sun/nio/fs/WindowsException'{0x00000000d5dab550}> (0x00000000d5dab550) 
thrown [s\src\hotspot\share\prims\jni.cpp, line 520]
Event: 7.207 Thread 0x00000214976be7e0 Exception <a 'sun/nio/fs/WindowsException'{0x00000000d5dabb00}> (0x00000000d5dabb00) 
thrown [s\src\hotspot\share\prims\jni.cpp, line 520]
Event: 7.207 Thread 0x00000214976be7e0 Exception <a 'sun/nio/fs/WindowsException'{0x00000000d5e11be8}> (0x00000000d5e11be8) 
thrown [s\src\hotspot\share\prims\jni.cpp, line 520]
Event: 7.208 Thread 0x00000214976be7e0 Exception <a 'sun/nio/fs/WindowsException'{0x00000000d5e12198}> (0x00000000d5e12198) 
thrown [s\src\hotspot\share\prims\jni.cpp, line 520]
Event: 7.211 Thread 0x00000214976be7e0 Exception <a 'java/io/FileNotFoundException'{0x00000000d5e980d8}> (0x00000000d5e980d8) 
thrown [s\src\hotspot\share\prims\jni.cpp, line 520]
Event: 7.211 Thread 0x00000214976be7e0 Exception <a 'java/io/FileNotFoundException'{0x00000000d5ec4f50}> (0x00000000d5ec4f50) 
thrown [s\src\hotspot\share\prims\jni.cpp, line 520]
Event: 7.214 Thread 0x00000214976be7e0 Exception <a 'sun/nio/fs/WindowsException'{0x00000000d5f5f918}> (0x00000000d5f5f918) 
thrown [s\src\hotspot\share\prims\jni.cpp, line 520]
Event: 7.214 Thread 0x00000214976be7e0 Exception <a 'sun/nio/fs/WindowsException'{0x00000000d5f5fec8}> (0x00000000d5f5fec8) 
thrown [s\src\hotspot\share\prims\jni.cpp, line 520]
Event: 7.214 Thread 0x00000214976be7e0 Exception <a 'sun/nio/fs/WindowsException'{0x00000000d5fab608}> (0x00000000d5fab608) 
thrown [s\src\hotspot\share\prims\jni.cpp, line 520]
Event: 7.214 Thread 0x00000214976be7e0 Exception <a 'sun/nio/fs/WindowsException'{0x00000000d5fabbb8}> (0x00000000d5fabbb8) 
thrown [s\src\hotspot\share\prims\jni.cpp, line 520]
Event: 7.267 Thread 0x00000214945f18e0 Implicit null exception at 0x0000021441a2b269 to 0x0000021441a2b488
Event: 8.047 Thread 0x00000214945f18e0 Implicit null exception at 0x0000021441af74cf to 0x0000021441afbfb8

ZGC Phase Switch (0 events):
No events

VM Operations (20 events):
Event: 10.563 Executing VM operation: ParallelGCFailedAllocation (Allocation Failure) done
Event: 10.574 Executing VM operation: ParallelGCFailedAllocation (Allocation Failure)
Event: 10.575 Executing VM operation: ParallelGCFailedAllocation (Allocation Failure) done
Event: 10.588 Executing VM operation: ParallelGCFailedAllocation (Allocation Failure)
Event: 10.589 Executing VM operation: ParallelGCFailedAllocation (Allocation Failure) done
Event: 10.600 Executing VM operation: ParallelGCFailedAllocation (Allocation Failure)
Event: 10.601 Executing VM operation: ParallelGCFailedAllocation (Allocation Failure) done
Event: 10.610 Executing VM operation: ParallelGCFailedAllocation (Allocation Failure)
Event: 10.611 Executing VM operation: ParallelGCFailedAllocation (Allocation Failure) done
Event: 10.618 Executing VM operation: ParallelGCFailedAllocation (Allocation Failure)
Event: 10.619 Executing VM operation: ParallelGCFailedAllocation (Allocation Failure) done
Event: 10.630 Executing VM operation: ParallelGCFailedAllocation (Allocation Failure)
Event: 10.632 Executing VM operation: ParallelGCFailedAllocation (Allocation Failure) done
Event: 10.639 Executing VM operation: ParallelGCFailedAllocation (Allocation Failure)
Event: 10.641 Executing VM operation: ParallelGCFailedAllocation (Allocation Failure) done
Event: 10.655 Executing VM operation: ParallelGCFailedAllocation (Allocation Failure)
Event: 10.656 Executing VM operation: ParallelGCFailedAllocation (Allocation Failure) done
Event: 10.669 Executing VM operation: ParallelGCFailedAllocation (Allocation Failure)
Event: 10.671 Executing VM operation: ParallelGCFailedAllocation (Allocation Failure) done
Event: 10.689 Executing VM operation: ParallelGCFailedAllocation (Allocation Failure)

Memory protections (0 events):
No events

Nmethod flushes (20 events):
Event: 6.514 Thread 0x0000021436983a40 flushing  nmethod 0x000002143a478790
Event: 6.514 Thread 0x0000021436983a40 flushing  nmethod 0x000002143a47a010
Event: 6.514 Thread 0x0000021436983a40 flushing  nmethod 0x000002143a47a610
Event: 6.514 Thread 0x0000021436983a40 flushing  nmethod 0x000002143a47ae90
Event: 6.514 Thread 0x0000021436983a40 flushing  nmethod 0x000002143a47e710
Event: 6.514 Thread 0x0000021436983a40 flushing  nmethod 0x000002143a47ee10
Event: 6.514 Thread 0x0000021436983a40 flushing  nmethod 0x000002143a481410
Event: 6.514 Thread 0x0000021436983a40 flushing  nmethod 0x000002143a4a0710
Event: 6.514 Thread 0x0000021436983a40 flushing  nmethod 0x000002143a4a9e90
Event: 6.514 Thread 0x0000021436983a40 flushing  nmethod 0x000002143a4abf90
Event: 6.514 Thread 0x0000021436983a40 flushing  nmethod 0x000002143a4fff90
Event: 6.514 Thread 0x0000021436983a40 flushing  nmethod 0x000002143a516f10
Event: 6.514 Thread 0x0000021436983a40 flushing  nmethod 0x000002143a517a10
Event: 6.514 Thread 0x0000021436983a40 flushing  nmethod 0x000002143a518690
Event: 6.514 Thread 0x0000021436983a40 flushing  nmethod 0x000002143a519310
Event: 6.514 Thread 0x0000021436983a40 flushing  nmethod 0x000002143a519710
Event: 6.514 Thread 0x0000021436983a40 flushing  nmethod 0x000002143a522110
Event: 6.514 Thread 0x0000021436983a40 flushing  nmethod 0x000002143a534190
Event: 6.514 Thread 0x0000021436983a40 flushing  nmethod 0x000002143a53c090
Event: 6.514 Thread 0x0000021436983a40 flushing  nmethod 0x000002143a55fc90

Events (20 events):
Event: 3.933 Thread 0x00000214976c0f40 Thread added: 0x00000214976be7e0
Event: 4.720 Thread 0x00000214945f0bc0 Thread added: 0x00000214976c0220
Event: 4.725 Thread 0x00000214976c0220 Thread exited: 0x00000214976c0220
Event: 5.723 Thread 0x00000214945f0bc0 Thread added: 0x00000214976c0220
Event: 6.470 Thread 0x00000214945f1250 Thread added: 0x00000214976bb9f0
Event: 6.477 Thread 0x00000214976bb9f0 Thread exited: 0x00000214976bb9f0
Event: 6.488 Thread 0x00000214945f1250 Thread added: 0x00000214976bfb90
Event: 6.489 Thread 0x00000214976bfb90 Thread added: 0x00000214976bb9f0
Event: 6.490 Thread 0x00000214976bfb90 Thread added: 0x0000021498b13d40
Event: 6.492 Thread 0x00000214976bfb90 Thread exited: 0x00000214976bfb90
Event: 6.493 Thread 0x0000021498b13d40 Thread exited: 0x0000021498b13d40
Event: 6.493 Thread 0x00000214976bb9f0 Thread exited: 0x00000214976bb9f0
Event: 6.799 Thread 0x00000214945f0bc0 Thread added: 0x00000214976bfb90
Event: 6.799 Thread 0x00000214945f0bc0 Thread added: 0x00000214976bb9f0
Event: 6.799 Thread 0x00000214945f0bc0 Thread added: 0x0000021497d65330
Event: 6.814 Thread 0x00000214945f0bc0 Thread added: 0x0000021497d66d70
Event: 6.837 Thread 0x00000214945f0bc0 Thread added: 0x0000021497d66050
Event: 9.078 Thread 0x000002148f750430 Thread exited: 0x000002148f750430
Event: 10.169 Thread 0x00000214367ffc80 Thread added: 0x0000021494e48a60
Event: 10.298 Thread 0x0000021494e48a60 Thread exited: 0x0000021494e48a60


Dynamic libraries:
0x00007ff785170000 - 0x00007ff78517e000 	c:\Users\Lei\.vscode\extensions\redhat.java-1.50.0-win32-x64\jre\21.0.9-win32-x86_64\bin\java.exe
0x00007ffdea570000 - 0x00007ffdea768000 	C:\Windows\SYSTEM32\ntdll.dll
0x00007ffde94a0000 - 0x00007ffde9562000 	C:\Windows\System32\KERNEL32.DLL
0x00007ffde7fb0000 - 0x00007ffde82a6000 	C:\Windows\System32\KERNELBASE.dll
0x00007ffde83d0000 - 0x00007ffde84d0000 	C:\Windows\System32\ucrtbase.dll
0x00007ffdd7520000 - 0x00007ffdd753e000 	c:\Users\Lei\.vscode\extensions\redhat.java-1.50.0-win32-x64\jre\21.0.9-win32-x86_64\bin\VCRUNTIME140.dll
0x00007ffde1320000 - 0x00007ffde1338000 	c:\Users\Lei\.vscode\extensions\redhat.java-1.50.0-win32-x64\jre\21.0.9-win32-x86_64\bin\jli.dll
0x00007ffde9860000 - 0x00007ffde9a01000 	C:\Windows\System32\USER32.dll
0x00007ffde7f80000 - 0x00007ffde7fa2000 	C:\Windows\System32\win32u.dll
0x00007ffdd8050000 - 0x00007ffdd82eb000 	C:\Windows\WinSxS\amd64_microsoft.windows.common-controls_6595b64144ccf1df_6.0.19041.6456_none_60b8a6cb71f64256\COMCTL32.dll
0x00007ffde87d0000 - 0x00007ffde87fb000 	C:\Windows\System32\GDI32.dll
0x00007ffde9570000 - 0x00007ffde960e000 	C:\Windows\System32\msvcrt.dll
0x00007ffde7e30000 - 0x00007ffde7f49000 	C:\Windows\System32\gdi32full.dll
0x00007ffde82b0000 - 0x00007ffde834d000 	C:\Windows\System32\msvcp_win.dll
0x00007ffde92f0000 - 0x00007ffde931f000 	C:\Windows\System32\IMM32.DLL
0x00007ffdd7700000 - 0x00007ffdd770c000 	c:\Users\Lei\.vscode\extensions\redhat.java-1.50.0-win32-x64\jre\21.0.9-win32-x86_64\bin\vcruntime140_1.dll
0x00007ffdd7490000 - 0x00007ffdd751d000 	c:\Users\Lei\.vscode\extensions\redhat.java-1.50.0-win32-x64\jre\21.0.9-win32-x86_64\bin\msvcp140.dll
0x00007ffd5a170000 - 0x00007ffd5af10000 	c:\Users\Lei\.vscode\extensions\redhat.java-1.50.0-win32-x64\jre\21.0.9-win32-x86_64\bin\server\jvm.dll
0x00007ffde8660000 - 0x00007ffde8711000 	C:\Windows\System32\ADVAPI32.dll
0x00007ffde9b40000 - 0x00007ffde9bdf000 	C:\Windows\System32\sechost.dll
0x00007ffde9610000 - 0x00007ffde9730000 	C:\Windows\System32\RPCRT4.dll
0x00007ffde7f50000 - 0x00007ffde7f77000 	C:\Windows\System32\bcrypt.dll
0x00007ffde8cb0000 - 0x00007ffde8d1b000 	C:\Windows\System32\WS2_32.dll
0x00007ffde7120000 - 0x00007ffde716b000 	C:\Windows\SYSTEM32\POWRPROF.dll
0x00007ffdd39b0000 - 0x00007ffdd39d7000 	C:\Windows\SYSTEM32\WINMM.dll
0x00007ffde1190000 - 0x00007ffde119a000 	C:\Windows\SYSTEM32\VERSION.dll
0x00007ffde6f90000 - 0x00007ffde6fa2000 	C:\Windows\SYSTEM32\UMPDC.dll
0x00007ffde63c0000 - 0x00007ffde63d2000 	C:\Windows\SYSTEM32\kernel.appcore.dll
0x00007ffdd7480000 - 0x00007ffdd748a000 	c:\Users\Lei\.vscode\extensions\redhat.java-1.50.0-win32-x64\jre\21.0.9-win32-x86_64\bin\jimage.dll
0x00007ffdcc970000 - 0x00007ffdccb71000 	C:\Windows\SYSTEM32\DBGHELP.DLL
0x00007ffdde440000 - 0x00007ffdde474000 	C:\Windows\SYSTEM32\dbgcore.DLL
0x00007ffde84d0000 - 0x00007ffde8552000 	C:\Windows\System32\bcryptPrimitives.dll
0x00007ffdd7470000 - 0x00007ffdd747f000 	c:\Users\Lei\.vscode\extensions\redhat.java-1.50.0-win32-x64\jre\21.0.9-win32-x86_64\bin\instrument.dll
0x00007ffdd7450000 - 0x00007ffdd7470000 	c:\Users\Lei\.vscode\extensions\redhat.java-1.50.0-win32-x64\jre\21.0.9-win32-x86_64\bin\java.dll
0x00007ffde9be0000 - 0x00007ffdea350000 	C:\Windows\System32\SHELL32.dll
0x00007ffde5c00000 - 0x00007ffde63a5000 	C:\Windows\SYSTEM32\windows.storage.dll
0x00007ffde8d20000 - 0x00007ffde9074000 	C:\Windows\System32\combase.dll
0x00007ffde7520000 - 0x00007ffde754b000 	C:\Windows\SYSTEM32\Wldp.dll
0x00007ffde9730000 - 0x00007ffde97fd000 	C:\Windows\System32\OLEAUT32.dll
0x00007ffde9a90000 - 0x00007ffde9b3d000 	C:\Windows\System32\SHCORE.dll
0x00007ffde8560000 - 0x00007ffde85bb000 	C:\Windows\System32\shlwapi.dll
0x00007ffde7b00000 - 0x00007ffde7b24000 	C:\Windows\SYSTEM32\profapi.dll
0x00007ffdd7430000 - 0x00007ffdd7448000 	c:\Users\Lei\.vscode\extensions\redhat.java-1.50.0-win32-x64\jre\21.0.9-win32-x86_64\bin\zip.dll
0x00007ffdd7420000 - 0x00007ffdd7430000 	C:\Users\Lei\.vscode\extensions\redhat.java-1.50.0-win32-x64\jre\21.0.9-win32-x86_64\bin\net.dll
0x00007ffdde2f0000 - 0x00007ffdde3fa000 	C:\Windows\SYSTEM32\WINHTTP.dll
0x00007ffde7300000 - 0x00007ffde736a000 	C:\Windows\system32\mswsock.dll
0x00007ffdd7400000 - 0x00007ffdd7416000 	C:\Users\Lei\.vscode\extensions\redhat.java-1.50.0-win32-x64\jre\21.0.9-win32-x86_64\bin\nio.dll
0x00007ffdd73f0000 - 0x00007ffdd7400000 	c:\Users\Lei\.vscode\extensions\redhat.java-1.50.0-win32-x64\jre\21.0.9-win32-x86_64\bin\verify.dll
0x00007ffdd7350000 - 0x00007ffdd7394000 	C:\Users\Lei\AppData\Roaming\Code\User\globalStorage\redhat.java\1.50.0\config_win\org.eclipse.equinox.launcher\org.eclipse.equinox.launcher.win32.win32.x86_64_1.2.1400.v20250801-0854\eclipse_11916.dll
0x00007ffde9080000 - 0x00007ffde91ab000 	C:\Windows\System32\ole32.dll
0x00007ffdd7340000 - 0x00007ffdd734a000 	C:\Users\Lei\.vscode\extensions\redhat.java-1.50.0-win32-x64\jre\21.0.9-win32-x86_64\bin\management.dll
0x00007ffdd7330000 - 0x00007ffdd733c000 	C:\Users\Lei\.vscode\extensions\redhat.java-1.50.0-win32-x64\jre\21.0.9-win32-x86_64\bin\management_ext.dll
0x00007ffde8800000 - 0x00007ffde8808000 	C:\Windows\System32\PSAPI.DLL
0x00007ffde7560000 - 0x00007ffde7578000 	C:\Windows\SYSTEM32\CRYPTSP.dll
0x00007ffde6bd0000 - 0x00007ffde6c08000 	C:\Windows\system32\rsaenh.dll
0x00007ffde7a80000 - 0x00007ffde7aae000 	C:\Windows\SYSTEM32\USERENV.dll
0x00007ffde7490000 - 0x00007ffde749c000 	C:\Windows\SYSTEM32\CRYPTBASE.dll
0x00007ffde6fb0000 - 0x00007ffde6feb000 	C:\Windows\SYSTEM32\IPHLPAPI.DLL
0x00007ffde8650000 - 0x00007ffde8658000 	C:\Windows\System32\NSI.dll
0x00007ffdd7290000 - 0x00007ffdd72d9000 	C:\Users\Lei\AppData\Local\Temp\jna-76272\jna16489988119951999990.dll
0x00007ffde1090000 - 0x00007ffde10a7000 	C:\Windows\SYSTEM32\dhcpcsvc6.DLL
0x00007ffde1070000 - 0x00007ffde108d000 	C:\Windows\SYSTEM32\dhcpcsvc.DLL
0x00007ffdd7280000 - 0x00007ffdd728e000 	C:\Users\Lei\.vscode\extensions\redhat.java-1.50.0-win32-x64\jre\21.0.9-win32-x86_64\bin\sunmscapi.dll
0x00007ffde7c80000 - 0x00007ffde7ddd000 	C:\Windows\System32\CRYPT32.dll
0x00007ffde7670000 - 0x00007ffde7697000 	C:\Windows\SYSTEM32\ncrypt.dll
0x00007ffde7630000 - 0x00007ffde766b000 	C:\Windows\SYSTEM32\NTASN1.dll
0x00007ffde7000000 - 0x00007ffde70ca000 	C:\Windows\SYSTEM32\DNSAPI.dll
0x00007ffde3100000 - 0x00007ffde310a000 	C:\Windows\System32\rasadhlp.dll
0x00007ffddb220000 - 0x00007ffddb2a0000 	C:\Windows\System32\fwpuclnt.dll
0x00007ffdd7270000 - 0x00007ffdd7279000 	C:\Users\Lei\.vscode\extensions\redhat.java-1.50.0-win32-x64\jre\21.0.9-win32-x86_64\bin\extnet.dll

JVMTI agents:
c:\Users\Lei\.vscode\extensions\redhat.java-1.50.0-win32-x64\lombok\lombok-1.18.39-4050.jar path:c:\Users\Lei\.vscode\extensions\redhat.java-1.50.0-win32-x64\jre\21.0.9-win32-x86_64\bin\instrument.dll, loaded, initialized, instrumentlib options:none

dbghelp: loaded successfully - version: 4.0.5 - missing functions: none
symbol engine: initialized successfully - sym options: 0x614 - pdb path: .;c:\Users\Lei\.vscode\extensions\redhat.java-1.50.0-win32-x64\jre\21.0.9-win32-x86_64\bin;C:\Windows\SYSTEM32;C:\Windows\WinSxS\amd64_microsoft.windows.common-controls_6595b64144ccf1df_6.0.19041.6456_none_60b8a6cb71f64256;c:\Users\Lei\.vscode\extensions\redhat.java-1.50.0-win32-x64\jre\21.0.9-win32-x86_64\bin\server;C:\Users\Lei\AppData\Roaming\Code\User\globalStorage\redhat.java\1.50.0\config_win\org.eclipse.equinox.launcher\org.eclipse.equinox.launcher.win32.win32.x86_64_1.2.1400.v20250801-0854;C:\Users\Lei\AppData\Local\Temp\jna-76272

VM Arguments:
jvm_args: --add-modules=ALL-SYSTEM --add-opens=java.base/java.util=ALL-UNNAMED --add-opens=java.base/java.lang=ALL-UNNAMED --add-opens=java.base/sun.nio.fs=ALL-UNNAMED -Declipse.application=org.eclipse.jdt.ls.core.id1 -Dosgi.bundles.defaultStartLevel=4 -Declipse.product=org.eclipse.jdt.ls.core.product -Djava.import.generatesMetadataFilesAtProjectRoot=false -DDetectVMInstallationsJob.disabled=true -Dfile.encoding=utf8 -XX:+UseParallelGC -XX:GCTimeRatio=4 -XX:AdaptiveSizePolicyWeight=90 -Dsun.zip.disableMemoryMapping=true -Xmx2G -Xms100m -Xlog:disable -javaagent:c:\Users\Lei\.vscode\extensions\redhat.java-1.50.0-win32-x64\lombok\lombok-1.18.39-4050.jar -XX:+HeapDumpOnOutOfMemoryError -XX:HeapDumpPath=c:\Users\Lei\AppData\Roaming\Code\User\workspaceStorage\8b8c9ad179e04ac681094d678316f26d\redhat.java -Daether.dependencyCollector.impl=bf 
java_command: c:\Users\Lei\.vscode\extensions\redhat.java-1.50.0-win32-x64\server\plugins\org.eclipse.equinox.launcher_1.7.100.v20251111-0406.jar -configuration c:\Users\Lei\AppData\Roaming\Code\User\globalStorage\redhat.java\1.50.0\config_win -data c:\Users\Lei\AppData\Roaming\Code\User\workspaceStorage\8b8c9ad179e04ac681094d678316f26d\redhat.java\jdt_ws --pipe=\\.\pipe\lsp-d947e79cdd3eea7a571a0fea1d2ac9f0-sock
java_class_path (initial): c:\Users\Lei\.vscode\extensions\redhat.java-1.50.0-win32-x64\server\plugins\org.eclipse.equinox.launcher_1.7.100.v20251111-0406.jar
Launcher Type: SUN_STANDARD

[Global flags]
    uintx AdaptiveSizePolicyWeight                 = 90                                        {product} {command line}
     intx CICompilerCount                          = 3                                         {product} {ergonomic}
    uintx GCTimeRatio                              = 4                                         {product} {command line}
     bool HeapDumpOnOutOfMemoryError               = true                                   {manageable} {command line}
    ccstr HeapDumpPath                             = c:\Users\Lei\AppData\Roaming\Code\User\workspaceStorage\8b8c9ad179e04ac681094d678316f26d\redhat.java         {manageable} {command line}
   size_t InitialHeapSize                          = 104857600                                 {product} {command line}
   size_t MaxHeapSize                              = 2147483648                                {product} {command line}
   size_t MaxNewSize                               = 715653120                                 {product} {ergonomic}
   size_t MinHeapDeltaBytes                        = 524288                                    {product} {ergonomic}
   size_t MinHeapSize                              = 104857600                                 {product} {command line}
   size_t NewSize                                  = 34603008                                  {product} {ergonomic}
    uintx NonNMethodCodeHeapSize                   = 5832780                                {pd product} {ergonomic}
    uintx NonProfiledCodeHeapSize                  = 122912730                              {pd product} {ergonomic}
   size_t OldSize                                  = 70254592                                  {product} {ergonomic}
    uintx ProfiledCodeHeapSize                     = 122912730                              {pd product} {ergonomic}
    uintx ReservedCodeCacheSize                    = 251658240                              {pd product} {ergonomic}
     bool SegmentedCodeCache                       = true                                      {product} {ergonomic}
   size_t SoftMaxHeapSize                          = 2147483648                             {manageable} {ergonomic}
     bool UseCompressedOops                        = true                           {product lp64_product} {ergonomic}
     bool UseLargePagesIndividualAllocation        = false                                  {pd product} {ergonomic}
     bool UseParallelGC                            = true                                      {product} {command line}

Logging:
Log output configuration:
 #0: stdout all=off uptime,level,tags foldmultilines=false
 #1: stderr all=off uptime,level,tags foldmultilines=false

Release file:
JAVA_VERSION="21.0.9" 
MODULES="java.base java.compiler java.datatransfer java.xml java.prefs java.desktop java.instrument java.logging java.management java.security.sasl java.naming java.rmi java.management.rmi java.net.http java.scripting java.security.jgss java.transaction.xa java.sql java.sql.rowset java.xml.crypto java.se java.smartcardio jdk.accessibility jdk.internal.jvmstat jdk.attach jdk.charsets jdk.internal.opt jdk.zipfs jdk.compiler jdk.crypto.ec jdk.crypto.cryptoki jdk.crypto.mscapi jdk.dynalink jdk.internal.ed jdk.editpad jdk.hotspot.agent jdk.httpserver jdk.internal.le jdk.internal.vm.ci jdk.internal.vm.compiler jdk.internal.vm.compiler.management jdk.jartool jdk.javadoc jdk.jcmd jdk.management jdk.management.agent jdk.jconsole jdk.jdeps jdk.jdwp.agent jdk.jdi jdk.jfr jdk.jshell jdk.jsobject jdk.jstatd jdk.localedata jdk.management.jfr jdk.naming.dns jdk.naming.rmi jdk.net jdk.nio.mapmode jdk.random jdk.sctp jdk.security.auth jdk.security.jgss jdk.unsupported jdk.unsupported.desktop jdk.xml.dom" 

Environment Variables:
JAVA_HOME=E:\develop\java_jdk_21
PATH=C:\Python314\Scripts\;C:\Python314\;D:\Install\vmware\bin\;C:\Program Files\Common Files\Oracle\Java\javapath;C:\Windows\system32;C:\Windows;C:\Windows\System32\Wbem;C:\Windows\System32\WindowsPowerShell\v1.0\;C:\Windows\System32\OpenSSH\;D:\Install\Matlab\bin;D:\Install\Anaconda\Scripts;D:\Install\huchuan\EasyShare\x86\;D:\Install\huchuan\EasyShare\x64\;D:\Tool\mingw64\bin;C:\Windows\system32\config\systemprofile\.dnx\bin;C:\Program Files\Microsoft DNX\Dnvm\;C:\Program Files\Microsoft SQL Server\130\Tools\Binn\;D:\Install\VS 2015\VC\bin;C:\Program Files\dotnet\;E:\develop\java_jdk_21\bin;E:\develop\maven_394\bin;D:\Install\Git\cmd;C:\Program Files (x86)\NVIDIA Corporation\PhysX\Common;D:\Install\cursor\resources\app\bin;C:\Program Files\NVIDIA Corporation\NVIDIA App\NvDLISR;D:\env\nodeJs\;C:\ProgramData\chocolatey\bin;C:\Users\Lei\.dnx\bin;D:\Install\Anaconda;D:\Install\Anaconda\Library\mingw-w64\bin;D:\Install\Anaconda\Library\usr\bin;D:\Install\Anaconda\Library\bin;D:\Install\Anaconda\Scripts;C:\Users\Lei\AppData\Local\Microsoft\WindowsApps;D:\Install\Bandizip\;D:\Install\PyCharm 2022.1.3\bin;D:\Install\CLion 2022.1.3\bin;D:\Install\IntelliJ IDEA 2022.1.3\bin;C:\Users\Lei\Infineon\LauncherService;D:\Install\Microsoft VS Code\bin;C:\Users\Lei\AppData\Roaming\Programs\Zero Install;D:\Install\Kiro\bin;C:\Users\Lei\AppData\Roaming\npm
USERNAME=Lei
OS=Windows_NT
PROCESSOR_IDENTIFIER=Intel64 Family 6 Model 158 Stepping 13, GenuineIntel
TMP=C:\Users\Lei\AppData\Local\Temp
TEMP=C:\Users\Lei\AppData\Local\Temp




Periodic native trim disabled

---------------  S Y S T E M  ---------------

OS:
 Windows 10 , 64 bit Build 19041 (10.0.19041.5915)
OS uptime: 0 days 19:39 hours
Hyper-V role detected

CPU: total 6 (initial active 6) (6 cores per cpu, 1 threads per core) family 6 model 158 stepping 13 microcode 0xea, cx8, cmov, fxsr, mmx, 3dnowpref, sse, sse2, sse3, ssse3, sse4.1, sse4.2, popcnt, lzcnt, tsc, tscinvbit, avx, avx2, aes, erms, clmul, bmi1, bmi2, adx, fma, vzeroupper, clflush, clflushopt, hv, rdtscp, f16c
Processor Information for the first 6 processors :
  Max Mhz: 3696, Current Mhz: 3696, Mhz Limit: 3696

Memory: 4k page, system-wide physical 32710M (23848M free)
TotalPageFile size 38086M (AvailPageFile size 24917M)
current process WorkingSet (physical memory assigned to process): 688M, peak: 701M
current process commit charge ("private bytes"): 625M, peak: 641M

vm_info: OpenJDK 64-Bit Server VM (21.0.9+10-LTS) for windows-amd64 JRE (21.0.9+10-LTS), built on 2025-10-21T00:00:00Z by "admin" with unknown MS VC++:1942

END.
